Wed, May 28, 2025  9:53:17 PM
✅ Service is running on port 8080
----
Wed, May 28, 2025  9:54:50 PM
✅ Service is running on port 8080
----
Wed, May 28, 2025  9:55:00 PM
✅ Service is running on port 8080
----
Wed, May 28, 2025  9:55:10 PM
✅ Service is running on port 8080
----
Wed, May 28, 2025  9:55:20 PM
✅ Service is running on port 8080
----
Wed, May 28, 2025  9:55:31 PM
✅ Service is running on port 8080
----
Wed, May 28, 2025  9:55:41 PM
✅ Service is running on port 8080
----
Wed, May 28, 2025  9:56:57 PM
❌ Service DOWN! Triggering alert...
----
Wed, May 28, 2025  9:57:07 PM
❌ Service DOWN! Triggering alert...
----
Wed, May 28, 2025  9:57:17 PM
❌ Service DOWN! Triggering alert...
----
Wed, May 28, 2025  9:57:27 PM
❌ Service DOWN! Triggering alert...
----
Wed, May 28, 2025  9:57:38 PM
❌ Service DOWN! Triggering alert...
----
Wed, May 28, 2025  9:57:48 PM
❌ Service DOWN! Triggering alert...
----
Wed, May 28, 2025  9:58:42 PM
❌ Service DOWN! Triggering alert...
----
Wed, May 28, 2025  9:58:52 PM
❌ Service DOWN! Triggering alert...
----
Wed, May 28, 2025  9:59:02 PM
❌ Service DOWN! Triggering alert...
----
Wed, May 28, 2025  9:59:12 PM
❌ Service DOWN! Triggering alert...
----
Wed, May 28, 2025  9:59:22 PM
❌ Service DOWN! Triggering alert...
----
Wed, May 28, 2025  9:59:33 PM
❌ Service DOWN! Triggering alert...
----
Wed, May 28, 2025  9:59:43 PM
❌ Service DOWN! Triggering alert...
----
Wed, May 28, 2025  9:59:53 PM
❌ Service DOWN! Triggering alert...
----
Wed, May 28, 2025 10:00:03 PM
❌ Service DOWN! Triggering alert...
----
Wed, May 28, 2025 10:03:02 PM
✅ Service is running on port 8080
----
Wed, May 28, 2025 10:03:07 PM
❌ Service DOWN! Triggering alert...
----
Wed, May 28, 2025 10:03:17 PM
❌ Service DOWN! Triggering alert...
----
Wed, May 28, 2025 10:03:27 PM
❌ Service DOWN! Triggering alert...
----
Wed, May 28, 2025 10:03:37 PM
❌ Service DOWN! Triggering alert...
----
Wed, May 28, 2025 10:03:47 PM
